<?xml version="1.0" encoding="UTF-8"?>
<!-- Generated by org.testng.reporters.JUnitXMLReporter -->
<testsuite hostname="SIRI" ignored="2" name="Default test" tests="4" failures="0" timestamp="17 Nov 2019 17:13:39 GMT" time="112.952" errors="0">
  <testcase name="validteNewContactsTest" time="6.536" classname="com.crm.qa.testcases.ContactsPageTest"/>
  <testcase name="validteNewContactsTest" time="6.4" classname="com.crm.qa.testcases.ContactsPageTest"/>
  <testcase name="validteNewContactsTest" time="6.088" classname="com.crm.qa.testcases.ContactsPageTest"/>
  <testcase name="validteNewContactsTest" time="5.291" classname="com.crm.qa.testcases.ContactsPageTest"/>
  <testcase name="selectContactTest" time="0.0" classname="com.crm.qa.testcases.ContactsPageTest">
    <ignored/>
  </testcase> <!-- selectContactTest -->
  <testcase name="verifyLableTest" time="0.0" classname="com.crm.qa.testcases.ContactsPageTest">
    <ignored/>
  </testcase> <!-- verifyLableTest -->
</testsuite> <!-- Default test -->
