<?xml version="1.0" encoding="UTF-8"?>
<!-- Generated by org.testng.reporters.JUnitXMLReporter -->
<testsuite hostname="SIRI" ignored="2" name="Command line test" tests="14" failures="0" timestamp="18 Nov 2019 09:31:05 GMT" time="274.152" errors="0">
  <testcase name="nameLableDisplayedTest" time="1.679" classname="com.crm.qa.testcases.HomePageTest"/>
  <testcase name="loginPageTitleTest" time="0.011" classname="com.crm.qa.testcases.LoginPageTest"/>
  <testcase name="mainPageTitleTest" time="0.011" classname="com.crm.qa.testcases.MainPageTest"/>
  <testcase name="homePageTitleTest" time="0.009" classname="com.crm.qa.testcases.HomePageTest"/>
  <testcase name="loginTest" time="0.34" classname="com.crm.qa.testcases.LoginPageTest"/>
  <testcase name="loginTest" time="2.876" classname="com.crm.qa.testcases.MainPageTest"/>
  <testcase name="validteNewContactsTest" time="4.197" classname="com.crm.qa.testcases.ContactsPageTest"/>
  <testcase name="validteNewContactsTest" time="4.045" classname="com.crm.qa.testcases.ContactsPageTest"/>
  <testcase name="validteNewContactsTest" time="3.885" classname="com.crm.qa.testcases.ContactsPageTest"/>
  <testcase name="validteNewContactsTest" time="3.693" classname="com.crm.qa.testcases.ContactsPageTest"/>
  <testcase name="signupTest" time="2.239" classname="com.crm.qa.testcases.MainPageTest"/>
  <testcase name="verifyContactsLinkTest" time="3.632" classname="com.crm.qa.testcases.HomePageTest"/>
  <testcase name="verifyDealsLinkTest" time="3.785" classname="com.crm.qa.testcases.HomePageTest"/>
  <testcase name="verifyTasksLinkTest" time="3.587" classname="com.crm.qa.testcases.HomePageTest"/>
  <testcase name="selectContactTest" time="0.0" classname="com.crm.qa.testcases.ContactsPageTest">
    <ignored/>
  </testcase> <!-- selectContactTest -->
  <testcase name="verifyLableTest" time="0.0" classname="com.crm.qa.testcases.ContactsPageTest">
    <ignored/>
  </testcase> <!-- verifyLableTest -->
</testsuite> <!-- Command line test -->
