<?xml version="1.0" encoding="UTF-8" ?>
<testsuite tests="14" failures="0" name="TestSuite" time="33.996" errors="0" skipped="0">
  <properties>
[...]
</properties>
  <testcase classname="com.crm.qa.testcases.HomePageTest" name="nameLableDisplayedTest" time="1.685"/>
  <testcase classname="com.crm.qa.testcases.LoginPageTest" name="loginPageTitleTest" time="0.01"/>
  <testcase classname="com.crm.qa.testcases.MainPageTest" name="mainPageTitleTest" time="0.012"/>
  <testcase classname="com.crm.qa.testcases.HomePageTest" name="homePageTitleTest" time="0.009"/>
  <testcase classname="com.crm.qa.testcases.LoginPageTest" name="loginTest" time="0.34"/>
  <testcase classname="com.crm.qa.testcases.MainPageTest" name="loginTest" time="2.875"/>
  <testcase classname="com.crm.qa.testcases.ContactsPageTest" name="validteNewContactsTest" time="4.198"/>
  <testcase classname="com.crm.qa.testcases.ContactsPageTest" name="validteNewContactsTest" time="4.046"/>
  <testcase classname="com.crm.qa.testcases.ContactsPageTest" name="validteNewContactsTest" time="3.886"/>
  <testcase classname="com.crm.qa.testcases.ContactsPageTest" name="validteNewContactsTest" time="3.694"/>
  <testcase classname="com.crm.qa.testcases.MainPageTest" name="signupTest" time="2.238"/>
  <testcase classname="com.crm.qa.testcases.HomePageTest" name="verifyContactsLinkTest" time="3.632"/>
  <testcase classname="com.crm.qa.testcases.HomePageTest" name="verifyDealsLinkTest" time="3.784"/>
  <testcase classname="com.crm.qa.testcases.HomePageTest" name="verifyTasksLinkTest" time="3.587"/>
</testsuite>